2018-11-06 08:38:31,791 - INFO - 

log start...
2018-11-06 08:42:49,833 - INFO - 

log start...
2018-11-06 09:11:41,225 - INFO - 

log start...
2018-11-06 09:15:20,215 - INFO - 

log start...
2018-11-06 14:02:02,559 - INFO - 

log start...
2018-11-06 14:04:57,424 - INFO - 

log start...
2018-11-06 14:18:49,433 - INFO - Mean number of bounding boxes from RPN overlapping ground truth boxes: 11.04
2018-11-06 14:18:49,433 - INFO - Classifier accuracy for bounding boxes from RPN: 0.8953125
2018-11-06 14:18:49,433 - INFO - Loss RPN classifier: 0.037492918667194314
2018-11-06 14:18:49,433 - INFO - Loss RPN regression: 0.07507543481886386
2018-11-06 14:18:49,433 - INFO - Loss Detector classifier: 0.24998919367790223
2018-11-06 14:18:49,433 - INFO - Loss Detector regression: 0.1502973468787968
2018-11-06 14:18:49,433 - INFO - Elapsed time: 2.663248062133789

2018-11-06 14:18:49,434 - INFO - Total loss decreased from 0.5128548940427572 to 0.5128548940427572, saving weights
2018-11-06 14:19:43,749 - INFO - 

log start...
2018-11-06 14:21:18,601 - INFO - Mean number of bounding boxes from RPN overlapping ground truth boxes: 9.85
2018-11-06 14:21:18,601 - INFO - Classifier accuracy for bounding boxes from RPN: 0.889375
2018-11-06 14:21:18,601 - INFO - Loss RPN classifier: 0.026236932249321398
2018-11-06 14:21:18,601 - INFO - Loss RPN regression: 0.05847692507784814
2018-11-06 14:21:18,601 - INFO - Loss Detector classifier: 0.26289571430534125
2018-11-06 14:21:18,601 - INFO - Loss Detector regression: 0.14847272990271448
2018-11-06 14:21:18,601 - INFO - Elapsed time: 2.669344186782837

2018-11-06 14:21:18,601 - INFO - Total loss decreased from 0.49608230153522526 to 0.49608230153522526, saving weights
2018-11-06 14:26:44,737 - INFO - Mean number of bounding boxes from RPN overlapping ground truth boxes: 11.257425742574258
2018-11-06 14:26:44,737 - INFO - Classifier accuracy for bounding boxes from RPN: 0.896875
2018-11-06 14:26:44,737 - INFO - Loss RPN classifier: 0.032590807213064184
2018-11-06 14:26:44,737 - INFO - Loss RPN regression: 0.07631680720951409
2018-11-06 14:26:44,737 - INFO - Loss Detector classifier: 0.23958467231092073
2018-11-06 14:26:44,737 - INFO - Loss Detector regression: 0.1286427897028625
2018-11-06 14:26:44,737 - INFO - Elapsed time: 0.24211382865905762

2018-11-06 14:26:44,737 - INFO - Total loss decreased from 0.47713507643636144 to 0.47713507643636144, saving weights
2018-11-06 14:28:05,535 - INFO - Mean number of bounding boxes from RPN overlapping ground truth boxes: 11.59
2018-11-06 14:28:05,535 - INFO - Classifier accuracy for bounding boxes from RPN: 0.891875
2018-11-06 14:28:05,535 - INFO - Loss RPN classifier: 0.01773148775648224
2018-11-06 14:28:05,535 - INFO - Loss RPN regression: 0.050501272743567825
2018-11-06 14:28:05,535 - INFO - Loss Detector classifier: 0.243711728900671
2018-11-06 14:28:05,535 - INFO - Loss Detector regression: 0.12408152285031974
2018-11-06 14:28:05,535 - INFO - Elapsed time: 0.24309444427490234

2018-11-06 14:28:05,535 - INFO - Total loss decreased from 0.4360260122510408 to 0.4360260122510408, saving weights
